<?xml version="1.0" encoding="UTF-8"?>
<!-- Generated by org.testng.reporters.JUnitReportReporter -->
<testsuite hostname="LAPTOP-6VBBQSOM" failures="0" tests="1" name="com.SauceDemo.TestPackage.TC_01VerifyLoginFunctionality" time="8.470" errors="0" timestamp="2023-02-04T17:05:22 IST" skipped="0">
  <testcase classname="com.SauceDemo.TestPackage.TC_01VerifyLoginFunctionality" name="verifyLoginFunctionality" time="8.470"/>
  <system-out/>
</testsuite> <!-- com.SauceDemo.TestPackage.TC_01VerifyLoginFunctionality -->
